2023-01-16 18:39:18 [ main:784 ] - [ INFO ] Starting BtVhostApplication using Java 17.0.4.1 on LAPTOP-E2DBMP27 with PID 5196 (C:\Users\Lenovo\Desktop\BtVhost\target\classes started by Lenovo in C:\Users\Lenovo\Desktop\BtVhost)
2023-01-16 18:39:18 [ main:787 ] - [ INFO ] No active profile set, falling back to 1 default profile: "default"
2023-01-16 18:39:19 [ main:1558 ] - [ INFO ] Multiple Spring Data modules found, entering strict repository configuration mode
2023-01-16 18:39:19 [ main:1562 ] - [ INFO ] Bootstrapping Spring Data Redis repositories in DEFAULT mode.
2023-01-16 18:39:19 [ main:1603 ] - [ INFO ] Finished Spring Data repository scanning in 23 ms. Found 0 Redis repository interfaces.
2023-01-16 18:39:20 [ main:2510 ] - [ INFO ] Tomcat initialized with port(s): 8080 (http)
2023-01-16 18:39:20 [ main:2522 ] - [ INFO ] Initializing ProtocolHandler ["http-nio-8080"]
2023-01-16 18:39:20 [ main:2523 ] - [ INFO ] Starting service [Tomcat]
2023-01-16 18:39:20 [ main:2523 ] - [ INFO ] Starting Servlet engine: [Apache Tomcat/9.0.65]
2023-01-16 18:39:20 [ main:2631 ] - [ INFO ] Initializing Spring embedded WebApplicationContext
2023-01-16 18:39:20 [ main:2631 ] - [ INFO ] Root WebApplicationContext: initialization completed in 1792 ms
2023-01-16 18:39:21 [ main:3861 ] - [ WARN ] [THYMELEAF][main] Template Mode 'HTML5' is deprecated. Using Template Mode 'HTML' instead.
2023-01-16 18:39:21 [ main:4098 ] - [ INFO ] Starting ProtocolHandler ["http-nio-8080"]
2023-01-16 18:39:21 [ main:4121 ] - [ INFO ] Tomcat started on port(s): 8080 (http) with context path ''
2023-01-16 18:39:21 [ main:4133 ] - [ INFO ] ++++++++ 开始校验授权 ++++++++
2023-01-16 18:39:22 [ main:4650 ] - [ INFO ] 校验成功，授权有效期：2023-01-10 00:00:00 - 2024-01-10 00:00:00
2023-01-16 18:39:22 [ main:4650 ] - [ INFO ] ++++++++ 授权校验结束 ++++++++
2023-01-16 18:39:22 [ main:4656 ] - [ INFO ] Started BtVhostApplication in 4.462 seconds (JVM running for 5.215)
2023-01-16 18:40:02 [ http-nio-8080-exec-1:45156 ] - [ INFO ] Initializing Spring DispatcherServlet 'dispatcherServlet'
2023-01-16 18:40:02 [ http-nio-8080-exec-1:45157 ] - [ INFO ] Initializing Servlet 'dispatcherServlet'
2023-01-16 18:40:02 [ http-nio-8080-exec-1:45158 ] - [ INFO ] Completed initialization in 1 ms
2023-01-16 18:40:03 [ http-nio-8080-exec-1:46010 ] - [ INFO ] 接口校验通过，授权有效期：2023-01-10 00:00:00 - 2024-01-10 00:00:00
2023-01-16 18:40:04 [ http-nio-8080-exec-1:46791 ] - [ INFO ] 接口校验通过，授权有效期：2023-01-10 00:00:00 - 2024-01-10 00:00:00
2023-01-16 18:40:44 [ http-nio-8080-exec-5:87225 ] - [ INFO ] 接口校验通过，授权有效期：2023-01-10 00:00:00 - 2024-01-10 00:00:00
2023-01-16 18:40:45 [ http-nio-8080-exec-7:87994 ] - [ INFO ] 接口校验通过，授权有效期：2023-01-10 00:00:00 - 2024-01-10 00:00:00
2023-01-16 18:40:55 [ http-nio-8080-exec-2:97696 ] - [ INFO ] 接口校验通过，授权有效期：2023-01-10 00:00:00 - 2024-01-10 00:00:00
2023-01-16 18:40:55 [ http-nio-8080-exec-2:97941 ] - [ INFO ] 数据库连接池 - Starting...
2023-01-16 18:40:56 [ http-nio-8080-exec-2:98638 ] - [ INFO ] 数据库连接池 - Start completed.
2023-01-16 18:40:57 [ http-nio-8080-exec-2:99444 ] - [ WARN ] 您未配置Redis或当前Redis不在状态，请及时检查修复，以免造成严重安全隐患！
2023-01-16 18:40:59 [ http-nio-8080-exec-8:101831 ] - [ INFO ] 接口校验通过，授权有效期：2023-01-10 00:00:00 - 2024-01-10 00:00:00
2023-01-16 18:40:59 [ http-nio-8080-exec-8:101852 ] - [ INFO ] [VhostWeb-Authorization] UUID:admin 请求鉴权
2023-01-16 18:40:59 [ http-nio-8080-exec-8:101860 ] - [ INFO ] UUID:admin,鉴权成功
2023-01-16 18:40:59 [ http-nio-8080-exec-8:101860 ] - [ WARN ] 您未配置Redis或当前Redis不在状态，请及时检查修复，以免造成严重安全隐患！
2023-01-16 18:41:08 [ http-nio-8080-exec-8:110596 ] - [ INFO ] 接口校验通过，授权有效期：2023-01-10 00:00:00 - 2024-01-10 00:00:00
2023-01-16 18:41:08 [ http-nio-8080-exec-8:110599 ] - [ INFO ] [VhostWeb-Authorization] UUID:admin 请求鉴权
2023-01-16 18:41:08 [ http-nio-8080-exec-8:110607 ] - [ INFO ] UUID:admin,鉴权成功
2023-01-16 18:41:08 [ http-nio-8080-exec-8:110608 ] - [ WARN ] 您未配置Redis或当前Redis不在状态，请及时检查修复，以免造成严重安全隐患！
2023-01-16 18:41:09 [ http-nio-8080-exec-8:111419 ] - [ INFO ] 接口校验通过，授权有效期：2023-01-10 00:00:00 - 2024-01-10 00:00:00
2023-01-16 18:42:34 [ SpringApplicationShutdownHook:196589 ] - [ INFO ] 数据库连接池 - Shutdown initiated...
2023-01-16 18:42:34 [ SpringApplicationShutdownHook:196602 ] - [ INFO ] 数据库连接池 - Shutdown completed.
2023-01-16 18:42:38 [ main:918 ] - [ INFO ] Starting BtVhostApplication using Java 17.0.4.1 on LAPTOP-E2DBMP27 with PID 18140 (C:\Users\Lenovo\Desktop\BtVhost\target\classes started by Lenovo in C:\Users\Lenovo\Desktop\BtVhost)
2023-01-16 18:42:38 [ main:921 ] - [ INFO ] No active profile set, falling back to 1 default profile: "default"
2023-01-16 18:42:39 [ main:1607 ] - [ INFO ] Multiple Spring Data modules found, entering strict repository configuration mode
2023-01-16 18:42:39 [ main:1610 ] - [ INFO ] Bootstrapping Spring Data Redis repositories in DEFAULT mode.
2023-01-16 18:42:39 [ main:1649 ] - [ INFO ] Finished Spring Data repository scanning in 23 ms. Found 0 Redis repository interfaces.
2023-01-16 18:42:40 [ main:2456 ] - [ INFO ] Tomcat initialized with port(s): 8080 (http)
2023-01-16 18:42:40 [ main:2467 ] - [ INFO ] Initializing ProtocolHandler ["http-nio-8080"]
2023-01-16 18:42:40 [ main:2467 ] - [ INFO ] Starting service [Tomcat]
2023-01-16 18:42:40 [ main:2468 ] - [ INFO ] Starting Servlet engine: [Apache Tomcat/9.0.65]
2023-01-16 18:42:40 [ main:2567 ] - [ INFO ] Initializing Spring embedded WebApplicationContext
2023-01-16 18:42:40 [ main:2568 ] - [ INFO ] Root WebApplicationContext: initialization completed in 1600 ms
2023-01-16 18:42:41 [ main:3653 ] - [ WARN ] [THYMELEAF][main] Template Mode 'HTML5' is deprecated. Using Template Mode 'HTML' instead.
2023-01-16 18:42:41 [ main:3887 ] - [ INFO ] Starting ProtocolHandler ["http-nio-8080"]
2023-01-16 18:42:41 [ main:3910 ] - [ INFO ] Tomcat started on port(s): 8080 (http) with context path ''
2023-01-16 18:42:41 [ main:3921 ] - [ INFO ] ++++++++ 开始校验授权 ++++++++
2023-01-16 18:42:42 [ main:4414 ] - [ INFO ] 校验成功，授权有效期：2023-01-10 00:00:00 - 2024-01-10 00:00:00
2023-01-16 18:42:42 [ main:4414 ] - [ INFO ] ++++++++ 授权校验结束 ++++++++
2023-01-16 18:42:42 [ main:4419 ] - [ INFO ] Started BtVhostApplication in 4.151 seconds (JVM running for 5.227)
2023-01-16 18:43:06 [ http-nio-8080-exec-1:28376 ] - [ INFO ] Initializing Spring DispatcherServlet 'dispatcherServlet'
2023-01-16 18:43:06 [ http-nio-8080-exec-1:28377 ] - [ INFO ] Initializing Servlet 'dispatcherServlet'
2023-01-16 18:43:06 [ http-nio-8080-exec-1:28378 ] - [ INFO ] Completed initialization in 1 ms
2023-01-16 18:43:07 [ http-nio-8080-exec-1:29227 ] - [ INFO ] 接口校验通过，授权有效期：2023-01-10 00:00:00 - 2024-01-10 00:00:00
2023-01-16 18:43:07 [ http-nio-8080-exec-1:29319 ] - [ INFO ] [VhostWeb-Authorization] UUID:admin 请求鉴权
2023-01-16 18:43:08 [ http-nio-8080-exec-5:30701 ] - [ INFO ] 接口校验通过，授权有效期：2023-01-10 00:00:00 - 2024-01-10 00:00:00
2023-01-16 18:43:15 [ http-nio-8080-exec-2:37740 ] - [ INFO ] 接口校验通过，授权有效期：2023-01-10 00:00:00 - 2024-01-10 00:00:00
2023-01-16 18:43:15 [ http-nio-8080-exec-2:37932 ] - [ INFO ] 数据库连接池 - Starting...
2023-01-16 18:43:16 [ http-nio-8080-exec-2:38530 ] - [ INFO ] 数据库连接池 - Start completed.
2023-01-16 18:43:19 [ http-nio-8080-exec-4:41065 ] - [ INFO ] 接口校验通过，授权有效期：2023-01-10 00:00:00 - 2024-01-10 00:00:00
2023-01-16 18:43:19 [ http-nio-8080-exec-4:41068 ] - [ INFO ] [VhostWeb-Authorization] UUID:admin 请求鉴权
2023-01-16 18:43:19 [ http-nio-8080-exec-4:41076 ] - [ INFO ] UUID:admin,鉴权成功
2023-01-16 18:43:29 [ http-nio-8080-exec-3:51922 ] - [ INFO ] 接口校验通过，授权有效期：2023-01-10 00:00:00 - 2024-01-10 00:00:00
2023-01-16 18:43:29 [ http-nio-8080-exec-3:51927 ] - [ INFO ] [VhostWeb-Authorization] UUID:admin 请求鉴权
2023-01-16 18:43:29 [ http-nio-8080-exec-3:51932 ] - [ INFO ] UUID:admin,鉴权成功
2023-01-16 19:02:41 [ http-nio-8080-exec-4:1202977 ] - [ INFO ] 接口校验通过，授权有效期：2023-01-10 00:00:00 - 2024-01-10 00:00:00
2023-01-16 19:02:41 [ http-nio-8080-exec-4:1203679 ] - [ INFO ] 接口校验通过，授权有效期：2023-01-10 00:00:00 - 2024-01-10 00:00:00
2023-01-16 19:02:48 [ http-nio-8080-exec-3:1210759 ] - [ INFO ] 接口校验通过，授权有效期：2023-01-10 00:00:00 - 2024-01-10 00:00:00
2023-01-16 19:02:48 [ http-nio-8080-exec-3:1210764 ] - [ INFO ] [VhostWeb-Authorization] UUID:admin 请求鉴权
2023-01-16 19:02:48 [ http-nio-8080-exec-3:1210773 ] - [ INFO ] UUID:admin,鉴权成功
2023-01-16 19:02:49 [ http-nio-8080-exec-6:1211645 ] - [ INFO ] 接口校验通过，授权有效期：2023-01-10 00:00:00 - 2024-01-10 00:00:00
2023-01-16 19:02:50 [ http-nio-8080-exec-2:1212319 ] - [ INFO ] 接口校验通过，授权有效期：2023-01-10 00:00:00 - 2024-01-10 00:00:00
2023-01-16 19:02:50 [ http-nio-8080-exec-2:1212321 ] - [ INFO ] [VhostWeb-Authorization] UUID:admin 请求鉴权
2023-01-16 19:02:50 [ http-nio-8080-exec-2:1212324 ] - [ INFO ] UUID:admin,鉴权成功
2023-01-16 19:03:00 [ http-nio-8080-exec-5:1222617 ] - [ INFO ] 接口校验通过，授权有效期：2023-01-10 00:00:00 - 2024-01-10 00:00:00
2023-01-16 19:03:00 [ http-nio-8080-exec-5:1222620 ] - [ INFO ] [VhostWeb-Authorization] UUID:admin 请求鉴权
2023-01-16 19:03:00 [ http-nio-8080-exec-5:1222624 ] - [ INFO ] UUID:admin,鉴权成功
2023-01-16 19:03:01 [ http-nio-8080-exec-1:1223480 ] - [ INFO ] 接口校验通过，授权有效期：2023-01-10 00:00:00 - 2024-01-10 00:00:00
2023-01-16 19:03:02 [ http-nio-8080-exec-10:1224139 ] - [ INFO ] 接口校验通过，授权有效期：2023-01-10 00:00:00 - 2024-01-10 00:00:00
2023-01-16 19:03:02 [ http-nio-8080-exec-10:1224142 ] - [ INFO ] [VhostWeb-Authorization] UUID:admin 请求鉴权
2023-01-16 19:03:02 [ http-nio-8080-exec-10:1224145 ] - [ INFO ] UUID:admin,鉴权成功
2023-01-16 19:10:15 [ SpringApplicationShutdownHook:1657929 ] - [ INFO ] 数据库连接池 - Shutdown initiated...
2023-01-16 19:10:16 [ SpringApplicationShutdownHook:1657964 ] - [ INFO ] 数据库连接池 - Shutdown completed.
2023-01-16 19:10:21 [ main:1430 ] - [ INFO ] Starting BtVhostApplication using Java 17.0.4.1 on LAPTOP-E2DBMP27 with PID 13336 (C:\Users\Lenovo\Desktop\BtVhost\target\classes started by Lenovo in C:\Users\Lenovo\Desktop\BtVhost)
2023-01-16 19:10:21 [ main:1433 ] - [ INFO ] No active profile set, falling back to 1 default profile: "default"
2023-01-16 19:10:22 [ main:2340 ] - [ INFO ] Multiple Spring Data modules found, entering strict repository configuration mode
2023-01-16 19:10:22 [ main:2342 ] - [ INFO ] Bootstrapping Spring Data Redis repositories in DEFAULT mode.
2023-01-16 19:10:22 [ main:2379 ] - [ INFO ] Finished Spring Data repository scanning in 22 ms. Found 0 Redis repository interfaces.
2023-01-16 19:10:23 [ main:3206 ] - [ INFO ] Tomcat initialized with port(s): 8080 (http)
2023-01-16 19:10:23 [ main:3216 ] - [ INFO ] Initializing ProtocolHandler ["http-nio-8080"]
2023-01-16 19:10:23 [ main:3216 ] - [ INFO ] Starting service [Tomcat]
2023-01-16 19:10:23 [ main:3216 ] - [ INFO ] Starting Servlet engine: [Apache Tomcat/9.0.65]
2023-01-16 19:10:23 [ main:3316 ] - [ INFO ] Initializing Spring embedded WebApplicationContext
2023-01-16 19:10:23 [ main:3317 ] - [ INFO ] Root WebApplicationContext: initialization completed in 1817 ms
2023-01-16 19:10:24 [ main:4577 ] - [ WARN ] [THYMELEAF][main] Template Mode 'HTML5' is deprecated. Using Template Mode 'HTML' instead.
2023-01-16 19:10:24 [ main:4840 ] - [ INFO ] Starting ProtocolHandler ["http-nio-8080"]
2023-01-16 19:10:24 [ main:4859 ] - [ INFO ] Tomcat started on port(s): 8080 (http) with context path ''
2023-01-16 19:10:24 [ main:4871 ] - [ INFO ] ++++++++ 开始校验授权 ++++++++
2023-01-16 19:10:25 [ main:5363 ] - [ INFO ] 校验成功，授权有效期：2023-01-10 00:00:00 - 2024-01-10 00:00:00
2023-01-16 19:10:25 [ main:5363 ] - [ INFO ] ++++++++ 授权校验结束 ++++++++
2023-01-16 19:10:25 [ main:5370 ] - [ INFO ] Started BtVhostApplication in 4.952 seconds (JVM running for 6.096)
2023-01-16 19:10:34 [ http-nio-8080-exec-1:14653 ] - [ INFO ] Initializing Spring DispatcherServlet 'dispatcherServlet'
2023-01-16 19:10:34 [ http-nio-8080-exec-1:14653 ] - [ INFO ] Initializing Servlet 'dispatcherServlet'
2023-01-16 19:10:34 [ http-nio-8080-exec-1:14655 ] - [ INFO ] Completed initialization in 2 ms
2023-01-16 19:10:35 [ http-nio-8080-exec-1:15449 ] - [ INFO ] 接口校验通过，授权有效期：2023-01-10 00:00:00 - 2024-01-10 00:00:00
2023-01-16 19:10:35 [ http-nio-8080-exec-1:15547 ] - [ INFO ] [VhostWeb-Authorization] UUID:admin 请求鉴权
2023-01-16 19:10:36 [ http-nio-8080-exec-1:16283 ] - [ INFO ] UUID:admin,鉴权成功
2023-01-16 19:10:37 [ http-nio-8080-exec-4:17487 ] - [ INFO ] 接口校验通过，授权有效期：2023-01-10 00:00:00 - 2024-01-10 00:00:00
2023-01-16 19:10:38 [ http-nio-8080-exec-5:18202 ] - [ INFO ] 接口校验通过，授权有效期：2023-01-10 00:00:00 - 2024-01-10 00:00:00
2023-01-16 19:10:38 [ http-nio-8080-exec-5:18205 ] - [ INFO ] [VhostWeb-Authorization] UUID:admin 请求鉴权
2023-01-16 19:10:38 [ http-nio-8080-exec-5:18210 ] - [ INFO ] UUID:admin,鉴权成功
2023-01-16 19:15:10 [ main:984 ] - [ INFO ] Starting BtVhostApplication using Java 17.0.4.1 on LAPTOP-E2DBMP27 with PID 17124 (C:\Users\Lenovo\Desktop\BtVhost\target\classes started by Lenovo in C:\Users\Lenovo\Desktop\BtVhost)
2023-01-16 19:15:10 [ main:988 ] - [ INFO ] No active profile set, falling back to 1 default profile: "default"
2023-01-16 19:15:10 [ main:1917 ] - [ INFO ] Multiple Spring Data modules found, entering strict repository configuration mode
2023-01-16 19:15:10 [ main:1921 ] - [ INFO ] Bootstrapping Spring Data Redis repositories in DEFAULT mode.
2023-01-16 19:15:11 [ main:1983 ] - [ INFO ] Finished Spring Data repository scanning in 38 ms. Found 0 Redis repository interfaces.
2023-01-16 19:15:12 [ main:3154 ] - [ INFO ] Tomcat initialized with port(s): 8080 (http)
2023-01-16 19:15:12 [ main:3169 ] - [ INFO ] Initializing ProtocolHandler ["http-nio-8080"]
2023-01-16 19:15:12 [ main:3169 ] - [ INFO ] Starting service [Tomcat]
2023-01-16 19:15:12 [ main:3169 ] - [ INFO ] Starting Servlet engine: [Apache Tomcat/9.0.65]
2023-01-16 19:15:12 [ main:3306 ] - [ INFO ] Initializing Spring embedded WebApplicationContext
2023-01-16 19:15:12 [ main:3307 ] - [ INFO ] Root WebApplicationContext: initialization completed in 2256 ms
2023-01-16 19:15:13 [ main:4498 ] - [ WARN ] [THYMELEAF][main] Template Mode 'HTML5' is deprecated. Using Template Mode 'HTML' instead.
2023-01-16 19:15:13 [ main:4726 ] - [ INFO ] Starting ProtocolHandler ["http-nio-8080"]
2023-01-16 19:15:13 [ main:4747 ] - [ INFO ] Tomcat started on port(s): 8080 (http) with context path ''
2023-01-16 19:15:13 [ main:4758 ] - [ INFO ] ++++++++ 开始校验授权 ++++++++
2023-01-16 19:15:14 [ main:5259 ] - [ INFO ] 校验成功，授权有效期：2023-01-10 00:00:00 - 2024-01-10 00:00:00
2023-01-16 19:15:14 [ main:5259 ] - [ INFO ] ++++++++ 授权校验结束 ++++++++
2023-01-16 19:15:14 [ main:5264 ] - [ INFO ] Started BtVhostApplication in 5.026 seconds (JVM running for 6.024)
2023-01-16 19:15:34 [ http-nio-8080-exec-1:24997 ] - [ INFO ] Initializing Spring DispatcherServlet 'dispatcherServlet'
2023-01-16 19:15:34 [ http-nio-8080-exec-1:24998 ] - [ INFO ] Initializing Servlet 'dispatcherServlet'
2023-01-16 19:15:34 [ http-nio-8080-exec-1:25000 ] - [ INFO ] Completed initialization in 2 ms
2023-01-16 19:15:34 [ http-nio-8080-exec-1:25800 ] - [ INFO ] 接口校验通过，授权有效期：2023-01-10 00:00:00 - 2024-01-10 00:00:00
2023-01-16 19:15:35 [ http-nio-8080-exec-2:26601 ] - [ INFO ] 接口校验通过，授权有效期：2023-01-10 00:00:00 - 2024-01-10 00:00:00
2023-01-16 19:15:42 [ http-nio-8080-exec-3:33449 ] - [ INFO ] 接口校验通过，授权有效期：2023-01-10 00:00:00 - 2024-01-10 00:00:00
2023-01-16 19:15:42 [ http-nio-8080-exec-3:33686 ] - [ INFO ] 数据库连接池 - Starting...
2023-01-16 19:15:43 [ http-nio-8080-exec-3:34280 ] - [ INFO ] 数据库连接池 - Start completed.
2023-01-16 19:15:46 [ http-nio-8080-exec-4:37531 ] - [ INFO ] 接口校验通过，授权有效期：2023-01-10 00:00:00 - 2024-01-10 00:00:00
2023-01-16 19:15:46 [ http-nio-8080-exec-4:37550 ] - [ INFO ] [VhostWeb-Authorization] UUID:admin 请求鉴权
2023-01-16 19:15:46 [ http-nio-8080-exec-4:37557 ] - [ INFO ] UUID:admin,鉴权成功
2023-01-16 19:15:50 [ http-nio-8080-exec-5:41642 ] - [ INFO ] 接口校验通过，授权有效期：2023-01-10 00:00:00 - 2024-01-10 00:00:00
2023-01-16 19:15:50 [ http-nio-8080-exec-5:41646 ] - [ INFO ] [VhostWeb-Authorization] UUID:admin 请求鉴权
2023-01-16 19:15:50 [ http-nio-8080-exec-5:41654 ] - [ INFO ] UUID:admin,鉴权成功
2023-01-16 19:15:51 [ http-nio-8080-exec-6:42472 ] - [ INFO ] 接口校验通过，授权有效期：2023-01-10 00:00:00 - 2024-01-10 00:00:00
2023-01-16 19:15:52 [ http-nio-8080-exec-7:43160 ] - [ INFO ] 接口校验通过，授权有效期：2023-01-10 00:00:00 - 2024-01-10 00:00:00
2023-01-16 19:15:52 [ http-nio-8080-exec-7:43162 ] - [ INFO ] [VhostWeb-Authorization] UUID:admin 请求鉴权
2023-01-16 19:15:52 [ http-nio-8080-exec-7:43166 ] - [ INFO ] UUID:admin,鉴权成功
2023-01-16 19:16:19 [ http-nio-8080-exec-8:70143 ] - [ INFO ] 接口校验通过，授权有效期：2023-01-10 00:00:00 - 2024-01-10 00:00:00
2023-01-16 19:16:19 [ http-nio-8080-exec-8:70146 ] - [ INFO ] [VhostWeb-Authorization] UUID:admin 请求鉴权
2023-01-16 19:16:19 [ http-nio-8080-exec-8:70150 ] - [ INFO ] UUID:admin,鉴权成功
2023-01-16 19:16:20 [ http-nio-8080-exec-9:71045 ] - [ INFO ] 接口校验通过，授权有效期：2023-01-10 00:00:00 - 2024-01-10 00:00:00
2023-01-16 19:16:20 [ http-nio-8080-exec-10:71856 ] - [ INFO ] 接口校验通过，授权有效期：2023-01-10 00:00:00 - 2024-01-10 00:00:00
2023-01-16 19:16:20 [ http-nio-8080-exec-10:71858 ] - [ INFO ] [VhostWeb-Authorization] UUID:admin 请求鉴权
2023-01-16 19:16:20 [ http-nio-8080-exec-10:71861 ] - [ INFO ] UUID:admin,鉴权成功
2023-01-16 19:16:51 [ http-nio-8080-exec-2:102910 ] - [ INFO ] 接口校验通过，授权有效期：2023-01-10 00:00:00 - 2024-01-10 00:00:00
2023-01-16 19:16:51 [ http-nio-8080-exec-2:102911 ] - [ INFO ] [VhostWeb-Authorization] UUID:admin 请求鉴权
2023-01-16 19:16:52 [ http-nio-8080-exec-3:103391 ] - [ INFO ] 接口校验通过，授权有效期：2023-01-10 00:00:00 - 2024-01-10 00:00:00
2023-01-16 19:16:57 [ http-nio-8080-exec-6:108940 ] - [ INFO ] 接口校验通过，授权有效期：2023-01-10 00:00:00 - 2024-01-10 00:00:00
2023-01-16 19:17:00 [ http-nio-8080-exec-8:111339 ] - [ INFO ] 接口校验通过，授权有效期：2023-01-10 00:00:00 - 2024-01-10 00:00:00
2023-01-16 19:17:00 [ http-nio-8080-exec-8:111343 ] - [ INFO ] [VhostWeb-Authorization] UUID:admin 请求鉴权
2023-01-16 19:17:00 [ http-nio-8080-exec-8:111346 ] - [ INFO ] UUID:admin,鉴权成功
2023-01-16 19:17:05 [ http-nio-8080-exec-8:115993 ] - [ INFO ] 接口校验通过，授权有效期：2023-01-10 00:00:00 - 2024-01-10 00:00:00
2023-01-16 19:17:05 [ http-nio-8080-exec-8:115996 ] - [ INFO ] [VhostWeb-Authorization] UUID:admin 请求鉴权
2023-01-16 19:17:05 [ http-nio-8080-exec-8:116000 ] - [ INFO ] UUID:admin,鉴权成功
2023-01-16 19:17:05 [ http-nio-8080-exec-10:116859 ] - [ INFO ] 接口校验通过，授权有效期：2023-01-10 00:00:00 - 2024-01-10 00:00:00
2023-01-16 19:17:05 [ http-nio-8080-exec-10:116861 ] - [ INFO ] [VhostWeb-Authorization] UUID:admin 请求鉴权
2023-01-16 19:17:05 [ http-nio-8080-exec-10:116864 ] - [ INFO ] UUID:admin,鉴权成功
2023-01-16 19:17:36 [ http-nio-8080-exec-3:147089 ] - [ INFO ] 接口校验通过，授权有效期：2023-01-10 00:00:00 - 2024-01-10 00:00:00
2023-01-16 19:17:36 [ http-nio-8080-exec-3:147091 ] - [ INFO ] [VhostWeb-Authorization] UUID:admin 请求鉴权
2023-01-16 19:17:36 [ http-nio-8080-exec-4:147836 ] - [ INFO ] 接口校验通过，授权有效期：2023-01-10 00:00:00 - 2024-01-10 00:00:00
2023-01-16 19:17:48 [ http-nio-8080-exec-5:159661 ] - [ INFO ] 接口校验通过，授权有效期：2023-01-10 00:00:00 - 2024-01-10 00:00:00
2023-01-16 19:17:51 [ http-nio-8080-exec-6:162037 ] - [ INFO ] 接口校验通过，授权有效期：2023-01-10 00:00:00 - 2024-01-10 00:00:00
2023-01-16 19:17:51 [ http-nio-8080-exec-6:162040 ] - [ INFO ] [VhostWeb-Authorization] UUID:admin 请求鉴权
2023-01-16 19:17:51 [ http-nio-8080-exec-6:162044 ] - [ INFO ] UUID:admin,鉴权成功
2023-01-16 19:21:12 [ http-nio-8080-exec-5:363417 ] - [ INFO ] 接口校验通过，授权有效期：2023-01-10 00:00:00 - 2024-01-10 00:00:00
2023-01-16 19:21:13 [ http-nio-8080-exec-5:364194 ] - [ INFO ] 接口校验通过，授权有效期：2023-01-10 00:00:00 - 2024-01-10 00:00:00
2023-01-16 19:21:21 [ http-nio-8080-exec-6:372274 ] - [ INFO ] 接口校验通过，授权有效期：2023-01-10 00:00:00 - 2024-01-10 00:00:00
2023-01-16 19:21:21 [ http-nio-8080-exec-6:372276 ] - [ INFO ] [VhostWeb-Authorization] UUID:admin 请求鉴权
2023-01-16 19:21:22 [ http-nio-8080-exec-7:373049 ] - [ INFO ] 接口校验通过，授权有效期：2023-01-10 00:00:00 - 2024-01-10 00:00:00
2023-01-16 19:21:31 [ http-nio-8080-exec-8:382038 ] - [ INFO ] 接口校验通过，授权有效期：2023-01-10 00:00:00 - 2024-01-10 00:00:00
2023-01-16 19:21:33 [ http-nio-8080-exec-9:384384 ] - [ INFO ] 接口校验通过，授权有效期：2023-01-10 00:00:00 - 2024-01-10 00:00:00
2023-01-16 19:21:33 [ http-nio-8080-exec-9:384388 ] - [ INFO ] [VhostWeb-Authorization] UUID:admin 请求鉴权
2023-01-16 19:21:33 [ http-nio-8080-exec-9:384392 ] - [ INFO ] UUID:admin,鉴权成功
2023-01-16 19:21:39 [ http-nio-8080-exec-1:390236 ] - [ INFO ] 接口校验通过，授权有效期：2023-01-10 00:00:00 - 2024-01-10 00:00:00
2023-01-16 19:21:39 [ http-nio-8080-exec-1:390240 ] - [ INFO ] [VhostWeb-Authorization] UUID:admin 请求鉴权
2023-01-16 19:21:39 [ http-nio-8080-exec-1:390244 ] - [ INFO ] UUID:admin,鉴权成功
2023-01-16 19:22:12 [ http-nio-8080-exec-2:423351 ] - [ INFO ] 接口校验通过，授权有效期：2023-01-10 00:00:00 - 2024-01-10 00:00:00
2023-01-16 19:22:12 [ http-nio-8080-exec-2:423354 ] - [ INFO ] [VhostWeb-Authorization] UUID:admin 请求鉴权
2023-01-16 19:22:12 [ http-nio-8080-exec-2:423357 ] - [ INFO ] UUID:admin,鉴权成功
2023-01-16 20:29:01 [ http-nio-8080-exec-6:4432719 ] - [ INFO ] 接口校验通过，授权有效期：2023-01-10 00:00:00 - 2024-01-10 00:00:00
2023-01-16 20:29:02 [ http-nio-8080-exec-9:4433371 ] - [ INFO ] 接口校验通过，授权有效期：2023-01-10 00:00:00 - 2024-01-10 00:00:00
2023-01-16 20:30:14 [ SpringApplicationShutdownHook:4505450 ] - [ INFO ] 数据库连接池 - Shutdown initiated...
2023-01-16 20:30:14 [ SpringApplicationShutdownHook:4505455 ] - [ INFO ] 数据库连接池 - Shutdown completed.
2023-01-16 20:30:20 [ main:698 ] - [ INFO ] Starting BtVhostApplication using Java 17.0.4.1 on LAPTOP-E2DBMP27 with PID 4584 (C:\Users\Lenovo\Desktop\BtVhost\target\classes started by Lenovo in C:\Users\Lenovo\Desktop\BtVhost)
2023-01-16 20:30:20 [ main:700 ] - [ INFO ] No active profile set, falling back to 1 default profile: "default"
2023-01-16 20:30:21 [ main:1382 ] - [ INFO ] Multiple Spring Data modules found, entering strict repository configuration mode
2023-01-16 20:30:21 [ main:1385 ] - [ INFO ] Bootstrapping Spring Data Redis repositories in DEFAULT mode.
2023-01-16 20:30:21 [ main:1426 ] - [ INFO ] Finished Spring Data repository scanning in 27 ms. Found 0 Redis repository interfaces.
2023-01-16 20:30:22 [ main:2267 ] - [ INFO ] Tomcat initialized with port(s): 8080 (http)
2023-01-16 20:30:22 [ main:2278 ] - [ INFO ] Initializing ProtocolHandler ["http-nio-8080"]
2023-01-16 20:30:22 [ main:2279 ] - [ INFO ] Starting service [Tomcat]
2023-01-16 20:30:22 [ main:2279 ] - [ INFO ] Starting Servlet engine: [Apache Tomcat/9.0.65]
2023-01-16 20:30:22 [ main:2382 ] - [ INFO ] Initializing Spring embedded WebApplicationContext
2023-01-16 20:30:22 [ main:2382 ] - [ INFO ] Root WebApplicationContext: initialization completed in 1636 ms
2023-01-16 20:30:23 [ main:3525 ] - [ WARN ] [THYMELEAF][main] Template Mode 'HTML5' is deprecated. Using Template Mode 'HTML' instead.
2023-01-16 20:30:23 [ main:3758 ] - [ INFO ] Starting ProtocolHandler ["http-nio-8080"]
2023-01-16 20:30:23 [ main:3777 ] - [ INFO ] Tomcat started on port(s): 8080 (http) with context path ''
2023-01-16 20:30:23 [ main:3788 ] - [ INFO ] ++++++++ 开始校验授权 ++++++++
2023-01-16 20:30:24 [ main:4282 ] - [ INFO ] 校验成功，授权有效期：2023-01-10 00:00:00 - 2024-01-10 00:00:00
2023-01-16 20:30:24 [ main:4282 ] - [ INFO ] ++++++++ 授权校验结束 ++++++++
2023-01-16 20:30:24 [ main:4287 ] - [ INFO ] Started BtVhostApplication in 4.118 seconds (JVM running for 4.823)
2023-01-16 20:30:35 [ http-nio-8080-exec-4:15196 ] - [ INFO ] Initializing Spring DispatcherServlet 'dispatcherServlet'
2023-01-16 20:30:35 [ http-nio-8080-exec-4:15197 ] - [ INFO ] Initializing Servlet 'dispatcherServlet'
2023-01-16 20:30:35 [ http-nio-8080-exec-4:15198 ] - [ INFO ] Completed initialization in 1 ms
2023-01-16 20:30:36 [ http-nio-8080-exec-4:16194 ] - [ INFO ] 接口校验通过，授权有效期：2023-01-10 00:00:00 - 2024-01-10 00:00:00
2023-01-16 20:30:46 [ http-nio-8080-exec-1:26076 ] - [ INFO ] 接口校验通过，授权有效期：2023-01-10 00:00:00 - 2024-01-10 00:00:00
2023-01-16 20:30:46 [ http-nio-8080-exec-1:26310 ] - [ WARN ] 数据库连接池 - idleTimeout is close to or more than maxLifetime, disabling it.
2023-01-16 20:30:46 [ http-nio-8080-exec-1:26310 ] - [ INFO ] 数据库连接池 - Starting...
2023-01-16 20:30:46 [ http-nio-8080-exec-1:26932 ] - [ INFO ] 数据库连接池 - Start completed.
2023-01-16 20:30:50 [ http-nio-8080-exec-3:30206 ] - [ INFO ] 接口校验通过，授权有效期：2023-01-10 00:00:00 - 2024-01-10 00:00:00
2023-01-16 20:30:50 [ http-nio-8080-exec-3:30226 ] - [ INFO ] [VhostWeb-Authorization] UUID:admin 请求鉴权
2023-01-16 20:30:50 [ http-nio-8080-exec-3:30232 ] - [ INFO ] UUID:admin,鉴权成功
2023-01-16 20:32:11 [ http-nio-8080-exec-6:111758 ] - [ INFO ] 接口校验通过，授权有效期：2023-01-10 00:00:00 - 2024-01-10 00:00:00
2023-01-16 20:32:11 [ http-nio-8080-exec-6:111762 ] - [ INFO ] [VhostWeb-Authorization] UUID:admin 请求鉴权
2023-01-16 20:32:11 [ http-nio-8080-exec-6:111767 ] - [ INFO ] UUID:admin,鉴权成功
2023-01-16 20:32:13 [ http-nio-8080-exec-2:113488 ] - [ INFO ] 接口校验通过，授权有效期：2023-01-10 00:00:00 - 2024-01-10 00:00:00
2023-01-16 20:32:14 [ http-nio-8080-exec-9:114159 ] - [ INFO ] 接口校验通过，授权有效期：2023-01-10 00:00:00 - 2024-01-10 00:00:00
2023-01-16 20:32:14 [ http-nio-8080-exec-10:114819 ] - [ INFO ] 接口校验通过，授权有效期：2023-01-10 00:00:00 - 2024-01-10 00:00:00
2023-01-16 20:32:15 [ http-nio-8080-exec-4:115467 ] - [ INFO ] 接口校验通过，授权有效期：2023-01-10 00:00:00 - 2024-01-10 00:00:00
2023-01-16 20:32:32 [ http-nio-8080-exec-1:132364 ] - [ INFO ] 接口校验通过，授权有效期：2023-01-10 00:00:00 - 2024-01-10 00:00:00
2023-01-16 20:32:33 [ http-nio-8080-exec-1:133070 ] - [ INFO ] 接口校验通过，授权有效期：2023-01-10 00:00:00 - 2024-01-10 00:00:00
2023-01-16 20:32:37 [ http-nio-8080-exec-3:137617 ] - [ INFO ] 接口校验通过，授权有效期：2023-01-10 00:00:00 - 2024-01-10 00:00:00
2023-01-16 20:32:37 [ http-nio-8080-exec-3:137621 ] - [ INFO ] [VhostWeb-Authorization] UUID:admin 请求鉴权
2023-01-16 20:32:37 [ http-nio-8080-exec-3:137627 ] - [ INFO ] UUID:admin,鉴权成功
2023-01-16 20:32:38 [ http-nio-8080-exec-8:138489 ] - [ INFO ] 接口校验通过，授权有效期：2023-01-10 00:00:00 - 2024-01-10 00:00:00
2023-01-16 20:32:39 [ http-nio-8080-exec-5:139159 ] - [ INFO ] 接口校验通过，授权有效期：2023-01-10 00:00:00 - 2024-01-10 00:00:00
2023-01-16 20:32:39 [ http-nio-8080-exec-5:139161 ] - [ INFO ] [VhostWeb-Authorization] UUID:admin 请求鉴权
2023-01-16 20:32:39 [ http-nio-8080-exec-5:139164 ] - [ INFO ] UUID:admin,鉴权成功
2023-01-16 20:32:59 [ http-nio-8080-exec-6:159872 ] - [ INFO ] 接口校验通过，授权有效期：2023-01-10 00:00:00 - 2024-01-10 00:00:00
2023-01-16 20:32:59 [ http-nio-8080-exec-6:159874 ] - [ INFO ] [VhostWeb-Authorization] UUID:admin 请求鉴权
2023-01-16 20:32:59 [ http-nio-8080-exec-6:159878 ] - [ INFO ] UUID:admin,鉴权成功
2023-01-16 20:33:18 [ http-nio-8080-exec-10:178254 ] - [ INFO ] 接口校验通过，授权有效期：2023-01-10 00:00:00 - 2024-01-10 00:00:00
2023-01-16 20:33:18 [ http-nio-8080-exec-10:178257 ] - [ INFO ] [VhostWeb-Authorization] UUID:admin 请求鉴权
2023-01-16 20:33:18 [ http-nio-8080-exec-4:179036 ] - [ INFO ] 接口校验通过，授权有效期：2023-01-10 00:00:00 - 2024-01-10 00:00:00
2023-01-16 20:33:33 [ http-nio-8080-exec-6:193155 ] - [ INFO ] 接口校验通过，授权有效期：2023-01-10 00:00:00 - 2024-01-10 00:00:00
2023-01-16 20:33:35 [ http-nio-8080-exec-5:195579 ] - [ INFO ] 接口校验通过，授权有效期：2023-01-10 00:00:00 - 2024-01-10 00:00:00
2023-01-16 20:33:35 [ http-nio-8080-exec-5:195583 ] - [ INFO ] [VhostWeb-Authorization] UUID:admin 请求鉴权
2023-01-16 20:33:35 [ http-nio-8080-exec-5:195587 ] - [ INFO ] UUID:admin,鉴权成功
2023-01-16 20:33:44 [ http-nio-8080-exec-5:204149 ] - [ INFO ] 接口校验通过，授权有效期：2023-01-10 00:00:00 - 2024-01-10 00:00:00
2023-01-16 20:33:44 [ http-nio-8080-exec-5:204152 ] - [ INFO ] [VhostWeb-Authorization] UUID:admin 请求鉴权
2023-01-16 20:33:44 [ http-nio-8080-exec-5:204157 ] - [ INFO ] UUID:admin,鉴权成功
2023-01-16 20:33:44 [ http-nio-8080-exec-4:204985 ] - [ INFO ] 接口校验通过，授权有效期：2023-01-10 00:00:00 - 2024-01-10 00:00:00
2023-01-16 20:33:44 [ http-nio-8080-exec-4:204987 ] - [ INFO ] [VhostWeb-Authorization] UUID:admin 请求鉴权
2023-01-16 20:33:44 [ http-nio-8080-exec-4:204990 ] - [ INFO ] UUID:admin,鉴权成功
2023-01-16 20:33:58 [ http-nio-8080-exec-10:218437 ] - [ INFO ] 接口校验通过，授权有效期：2023-01-10 00:00:00 - 2024-01-10 00:00:00
2023-01-16 20:33:58 [ http-nio-8080-exec-10:218439 ] - [ INFO ] [VhostWeb-Authorization] UUID:admin 请求鉴权
2023-01-16 20:33:58 [ http-nio-8080-exec-10:218443 ] - [ INFO ] UUID:admin,鉴权成功
2023-01-16 20:41:20 [ SpringApplicationShutdownHook:660556 ] - [ INFO ] 数据库连接池 - Shutdown initiated...
2023-01-16 20:41:20 [ SpringApplicationShutdownHook:660563 ] - [ INFO ] 数据库连接池 - Shutdown completed.
2023-01-16 20:41:25 [ main:1020 ] - [ INFO ] Starting BtVhostApplication using Java 17.0.4.1 on LAPTOP-E2DBMP27 with PID 18000 (C:\Users\Lenovo\Desktop\BtVhost\target\classes started by Lenovo in C:\Users\Lenovo\Desktop\BtVhost)
2023-01-16 20:41:25 [ main:1023 ] - [ INFO ] No active profile set, falling back to 1 default profile: "default"
2023-01-16 20:41:26 [ main:1925 ] - [ INFO ] Multiple Spring Data modules found, entering strict repository configuration mode
2023-01-16 20:41:26 [ main:1928 ] - [ INFO ] Bootstrapping Spring Data Redis repositories in DEFAULT mode.
2023-01-16 20:41:26 [ main:1977 ] - [ INFO ] Finished Spring Data repository scanning in 31 ms. Found 0 Redis repository interfaces.
2023-01-16 20:41:27 [ main:2866 ] - [ INFO ] Tomcat initialized with port(s): 8080 (http)
2023-01-16 20:41:27 [ main:2876 ] - [ INFO ] Initializing ProtocolHandler ["http-nio-8080"]
2023-01-16 20:41:27 [ main:2876 ] - [ INFO ] Starting service [Tomcat]
2023-01-16 20:41:27 [ main:2876 ] - [ INFO ] Starting Servlet engine: [Apache Tomcat/9.0.65]
2023-01-16 20:41:27 [ main:2971 ] - [ INFO ] Initializing Spring embedded WebApplicationContext
2023-01-16 20:41:27 [ main:2971 ] - [ INFO ] Root WebApplicationContext: initialization completed in 1884 ms
2023-01-16 20:41:28 [ main:4133 ] - [ WARN ] [THYMELEAF][main] Template Mode 'HTML5' is deprecated. Using Template Mode 'HTML' instead.
2023-01-16 20:41:28 [ main:4357 ] - [ INFO ] Starting ProtocolHandler ["http-nio-8080"]
2023-01-16 20:41:28 [ main:4377 ] - [ INFO ] Tomcat started on port(s): 8080 (http) with context path ''
2023-01-16 20:41:28 [ main:4388 ] - [ INFO ] ++++++++ 开始校验授权 ++++++++
2023-01-16 20:41:29 [ main:4902 ] - [ INFO ] 校验成功，授权有效期：2023-01-10 00:00:00 - 2024-01-10 00:00:00
2023-01-16 20:41:29 [ main:4902 ] - [ INFO ] ++++++++ 授权校验结束 ++++++++
2023-01-16 20:41:29 [ main:4907 ] - [ INFO ] Started BtVhostApplication in 4.62 seconds (JVM running for 5.676)
2023-01-16 20:42:03 [ http-nio-8080-exec-1:39564 ] - [ INFO ] Initializing Spring DispatcherServlet 'dispatcherServlet'
2023-01-16 20:42:03 [ http-nio-8080-exec-1:39564 ] - [ INFO ] Initializing Servlet 'dispatcherServlet'
2023-01-16 20:42:03 [ http-nio-8080-exec-1:39565 ] - [ INFO ] Completed initialization in 1 ms
2023-01-16 20:42:04 [ http-nio-8080-exec-1:40387 ] - [ INFO ] 接口校验通过，授权有效期：2023-01-10 00:00:00 - 2024-01-10 00:00:00
2023-01-16 20:42:04 [ http-nio-8080-exec-1:40485 ] - [ INFO ] [VhostWeb-Authorization] UUID:admin 请求鉴权
2023-01-16 20:42:06 [ http-nio-8080-exec-3:41821 ] - [ INFO ] 接口校验通过，授权有效期：2023-01-10 00:00:00 - 2024-01-10 00:00:00
2023-01-16 20:42:12 [ http-nio-8080-exec-2:47876 ] - [ INFO ] 接口校验通过，授权有效期：2023-01-10 00:00:00 - 2024-01-10 00:00:00
2023-01-16 20:42:12 [ http-nio-8080-exec-2:47879 ] - [ INFO ] [VhostWeb-Authorization] UUID:admin 请求鉴权
2023-01-16 20:42:12 [ http-nio-8080-exec-2:47886 ] - [ INFO ] UUID:admin,鉴权成功
2023-01-16 20:43:53 [ http-nio-8080-exec-10:149260 ] - [ INFO ] 接口校验通过，授权有效期：2023-01-10 00:00:00 - 2024-01-10 00:00:00
2023-01-16 20:43:53 [ http-nio-8080-exec-10:149262 ] - [ INFO ] [VhostWeb-Authorization] UUID:admin 请求鉴权
2023-01-16 20:43:53 [ http-nio-8080-exec-10:149268 ] - [ INFO ] UUID:admin,鉴权成功
